<?xml version="1.0" encoding="UTF-8"?>
<!-- Generated by org.testng.reporters.JUnitReportReporter -->
<testsuite hostname="milind-Latitude-3420" failures="0" tests="1" name="TestCases.AppiumGuestures" time="12.245" errors="0" timestamp="2024-01-30T23:24:34 IST" skipped="0">
  <testcase classname="TestCases.AppiumGuestures" name="wifiCoonectionSetting" time="12.245"/>
</testsuite> <!-- TestCases.AppiumGuestures -->
