<?xml version="1.0" encoding="UTF-8"?>
<!-- Generated by org.testng.reporters.JUnitReportReporter -->
<testsuite hostname="milind-Latitude-3420" failures="0" tests="2" name="TestCases.WebLogin" time="219.580" errors="0" timestamp="2024-01-28T23:23:45 IST" skipped="0">
  <testcase classname="TestCases.WebLogin" name="TC01_Verify_Instant_Verification_PKG_Functionality" time="99.485"/>
  <testcase classname="TestCases.WebLogin" name="TC02_Verify_Basic_Verification_PKG_Functionality" time="120.095"/>
</testsuite> <!-- TestCases.WebLogin -->
