<?xml version="1.0" encoding="UTF-8"?>
<!-- Generated by org.testng.reporters.JUnitReportReporter -->
<testsuite hostname="milind-Latitude-3420" failures="0" tests="4" name="TestCases.WebLogin" time="481.172" errors="0" timestamp="2024-02-01T00:10:01 IST" skipped="0">
  <testcase classname="TestCases.WebLogin" name="TC01_Instant_TV_Package" time="100.659"/>
  <testcase classname="TestCases.WebLogin" name="TC02_Basic_TV_Package" time="121.671"/>
  <testcase classname="TestCases.WebLogin" name="TC03_Standard_TV_Package" time="122.521"/>
  <testcase classname="TestCases.WebLogin" name="TC04_Comprehensive_TV_Package" time="136.321"/>
</testsuite> <!-- TestCases.WebLogin -->
