<?xml version="1.0" encoding="UTF-8"?>
<!-- Generated by org.testng.reporters.JUnitReportReporter -->
<testsuite hostname="milind-Latitude-3420" failures="0" tests="1" name="TestBase.TestUtil" time="0.039" errors="0" timestamp="2024-01-23T21:48:14 IST" skipped="0">
  <testcase classname="TestBase.TestUtil" name="date" time="0.039"/>
</testsuite> <!-- TestBase.ScreenshotUtils -->
