<?xml version="1.0" encoding="UTF-8"?>
<!-- Generated by org.testng.reporters.JUnitReportReporter -->
<testsuite hostname="milind-Latitude-3420" failures="0" tests="1" name="TestCases.LoginTest" time="386.649" errors="0" timestamp="2024-02-03T12:34:45 IST" skipped="0">
  <testcase classname="TestCases.LoginTest" name="TC01_VerifyingLogin" time="386.649"/>
</testsuite> <!-- TestCases.LoginTest -->
