<?xml version="1.0" encoding="UTF-8"?>
<!-- Generated by org.testng.reporters.JUnitReportReporter -->
<testsuite hostname="milind-Latitude-3420" failures="0" tests="1" name="TestCases.FixedDeposit" time="63.259" errors="0" timestamp="2024-01-27T18:56:42 IST" skipped="0">
  <testcase classname="TestCases.FixedDeposit" name="fixedDepositInterestCalculation" time="63.259"/>
</testsuite> <!-- TestCases.FixedDeposit -->
