<?xml version="1.0" encoding="UTF-8"?>
<!-- Generated by org.testng.reporters.JUnitReportReporter -->
<testsuite hostname="milind-Latitude-3420" failures="0" tests="1" name="TestCases.Basics" time="28.592" errors="0" timestamp="2024-02-02T00:39:19 IST" skipped="0">
  <testcase classname="TestCases.Basics" name="scrolldown" time="28.592"/>
</testsuite> <!-- TestCases.Basics -->
